Oct 24, 2016 1:58:56 AM Main categorizerMain
INFO: 0 corrections made for group A
Oct 24, 2016 1:58:58 AM Main categorizerMain
INFO: 5 corrections made for group AA
Oct 24, 2016 1:58:59 AM Main categorizerMain
INFO: 5 corrections made for group AB
Oct 24, 2016 1:59:01 AM Main categorizerMain
INFO: 0 corrections made for group AC
Oct 24, 2016 1:59:02 AM Main categorizerMain
INFO: 2 corrections made for group AD
Oct 24, 2016 1:59:03 AM Main categorizerMain
INFO: 3 corrections made for group AE
Oct 24, 2016 1:59:04 AM Main categorizerMain
INFO: 6 corrections made for group AF
Oct 24, 2016 1:59:05 AM Main categorizerMain
INFO: 0 corrections made for group AG
Oct 24, 2016 1:59:06 AM Main categorizerMain
INFO: 3 corrections made for group AH
Oct 24, 2016 1:59:07 AM Main categorizerMain
INFO: 0 corrections made for group AI
Oct 24, 2016 1:59:09 AM Main categorizerMain
INFO: 3 corrections made for group AK
Oct 24, 2016 1:59:09 AM Main categorizerMain
INFO: 31 corrections made for group AM
Oct 24, 2016 1:59:11 AM Main categorizerMain
INFO: 2 corrections made for group AN
Oct 24, 2016 1:59:11 AM Main categorizerMain
INFO: 4 corrections made for group AR
Oct 24, 2016 1:59:13 AM Main categorizerMain
INFO: 0 corrections made for group AT
Oct 24, 2016 1:59:14 AM Main categorizerMain
INFO: 4 corrections made for group AV
Oct 24, 2016 1:59:15 AM Main categorizerMain
INFO: 0 corrections made for group AX
Oct 24, 2016 1:59:15 AM Main categorizerMain
INFO: 0 corrections made for group AY
Oct 24, 2016 1:59:16 AM Main categorizerMain
INFO: 0 corrections made for group B
Oct 24, 2016 1:59:17 AM Main categorizerMain
INFO: 2 corrections made for group C
Oct 24, 2016 1:59:18 AM Main categorizerMain
INFO: 0 corrections made for group D
Oct 24, 2016 1:59:19 AM Main categorizerMain
INFO: 10 corrections made for group EA
Oct 24, 2016 1:59:20 AM Main categorizerMain
INFO: 0 corrections made for group EB
Oct 24, 2016 1:59:21 AM Main categorizerMain
INFO: 4 corrections made for group EC
Oct 24, 2016 1:59:22 AM Main categorizerMain
INFO: 1 corrections made for group EF
Oct 24, 2016 1:59:22 AM Main categorizerMain
INFO: 2 corrections made for group EG
Oct 24, 2016 1:59:23 AM Main categorizerMain
INFO: 2 corrections made for group EH
Oct 24, 2016 1:59:24 AM Main categorizerMain
INFO: 9 corrections made for group EJ
Oct 24, 2016 1:59:25 AM Main categorizerMain
INFO: 0 corrections made for group EK
Oct 24, 2016 1:59:26 AM Main categorizerMain
INFO: 3 corrections made for group EM
Oct 24, 2016 1:59:26 AM Main categorizerMain
INFO: 5 corrections made for group EP
Oct 24, 2016 1:59:27 AM Main categorizerMain
INFO: 1 corrections made for group ER
Oct 24, 2016 1:59:28 AM Main categorizerMain
INFO: 4 corrections made for group ES
Oct 24, 2016 1:59:29 AM Main categorizerMain
INFO: 1 corrections made for group ET
Oct 24, 2016 1:59:29 AM Main categorizerMain
INFO: 2 corrections made for group EX
Oct 24, 2016 1:59:30 AM Main categorizerMain
INFO: 6 corrections made for group EZ
Oct 24, 2016 1:59:31 AM Main categorizerMain
INFO: 1 corrections made for group F
Oct 24, 2016 1:59:32 AM Main categorizerMain
INFO: 4 corrections made for group G
Oct 24, 2016 1:59:32 AM Main categorizerMain
INFO: 2 corrections made for group H
Oct 24, 2016 1:59:33 AM Main categorizerMain
INFO: 2 corrections made for group J
Oct 24, 2016 1:59:34 AM Main categorizerMain
INFO: 0 corrections made for group K
Oct 24, 2016 1:59:35 AM Main categorizerMain
INFO: 2 corrections made for group P
Oct 24, 2016 1:59:35 AM Main categorizerMain
INFO: 2 corrections made for group R
Oct 24, 2016 1:59:36 AM Main categorizerMain
INFO: 6 corrections made for group S
Oct 24, 2016 1:59:37 AM Main categorizerMain
INFO: 2 corrections made for group T
Oct 24, 2016 1:59:38 AM Main categorizerMain
INFO: 2 corrections made for group U
Oct 24, 2016 1:59:38 AM Main categorizerMain
INFO: 6 corrections made for group W
Oct 24, 2016 1:59:39 AM Main categorizerMain
INFO: 3 corrections made for group X
Oct 24, 2016 1:59:40 AM Main categorizerMain
INFO: 2 corrections made for group Y
Oct 24, 2016 1:59:41 AM Main categorizerMain
INFO: 2 corrections made for group Z
Oct 24, 2016 10:22:03 PM Main categorizerMain
INFO: 0 corrections made for group A
Oct 24, 2016 10:22:05 PM Main categorizerMain
INFO: 5 corrections made for group AA
Oct 24, 2016 10:22:07 PM Main categorizerMain
INFO: 5 corrections made for group AB
Oct 24, 2016 10:22:09 PM Main categorizerMain
INFO: 0 corrections made for group AC
Oct 24, 2016 10:22:10 PM Main categorizerMain
INFO: 2 corrections made for group AD
Oct 24, 2016 10:22:12 PM Main categorizerMain
INFO: 3 corrections made for group AE
Oct 24, 2016 10:22:13 PM Main categorizerMain
INFO: 6 corrections made for group AF
Oct 24, 2016 10:22:15 PM Main categorizerMain
INFO: 0 corrections made for group AG
Oct 24, 2016 10:22:17 PM Main categorizerMain
INFO: 3 corrections made for group AH
Oct 24, 2016 10:22:19 PM Main categorizerMain
INFO: 0 corrections made for group AI
Oct 24, 2016 10:22:21 PM Main categorizerMain
INFO: 3 corrections made for group AK
Oct 24, 2016 10:22:22 PM Main categorizerMain
INFO: 31 corrections made for group AM
Oct 24, 2016 10:22:24 PM Main categorizerMain
INFO: 2 corrections made for group AN
Oct 24, 2016 10:22:26 PM Main categorizerMain
INFO: 4 corrections made for group AR
Oct 24, 2016 10:22:27 PM Main categorizerMain
INFO: 0 corrections made for group AT
Oct 24, 2016 10:22:30 PM Main categorizerMain
INFO: 4 corrections made for group AV
Oct 24, 2016 10:22:31 PM Main categorizerMain
INFO: 0 corrections made for group AX
Oct 24, 2016 10:22:32 PM Main categorizerMain
INFO: 0 corrections made for group AY
Oct 24, 2016 10:22:33 PM Main categorizerMain
INFO: 0 corrections made for group B
Oct 24, 2016 10:22:35 PM Main categorizerMain
INFO: 2 corrections made for group C
Oct 24, 2016 10:22:36 PM Main categorizerMain
INFO: 0 corrections made for group D
Oct 24, 2016 10:22:37 PM Main categorizerMain
INFO: 10 corrections made for group EA
Oct 24, 2016 10:22:39 PM Main categorizerMain
INFO: 0 corrections made for group EB
Oct 24, 2016 10:22:40 PM Main categorizerMain
INFO: 4 corrections made for group EC
Oct 24, 2016 10:22:42 PM Main categorizerMain
INFO: 1 corrections made for group EF
Oct 24, 2016 10:22:43 PM Main categorizerMain
INFO: 2 corrections made for group EG
Oct 24, 2016 10:22:44 PM Main categorizerMain
INFO: 2 corrections made for group EH
Oct 24, 2016 10:22:46 PM Main categorizerMain
INFO: 9 corrections made for group EJ
Oct 24, 2016 10:22:47 PM Main categorizerMain
INFO: 0 corrections made for group EK
Oct 24, 2016 10:22:49 PM Main categorizerMain
INFO: 3 corrections made for group EM
Oct 24, 2016 10:22:51 PM Main categorizerMain
INFO: 5 corrections made for group EP
Oct 24, 2016 10:22:52 PM Main categorizerMain
INFO: 1 corrections made for group ER
Oct 24, 2016 10:22:53 PM Main categorizerMain
INFO: 4 corrections made for group ES
Oct 24, 2016 10:22:55 PM Main categorizerMain
INFO: 1 corrections made for group ET
Oct 24, 2016 10:22:56 PM Main categorizerMain
INFO: 2 corrections made for group EX
Oct 24, 2016 10:22:58 PM Main categorizerMain
INFO: 6 corrections made for group EZ
Oct 24, 2016 10:22:59 PM Main categorizerMain
INFO: 1 corrections made for group F
Oct 24, 2016 10:23:01 PM Main categorizerMain
INFO: 4 corrections made for group G
Oct 24, 2016 10:23:02 PM Main categorizerMain
INFO: 2 corrections made for group H
Oct 24, 2016 10:23:04 PM Main categorizerMain
INFO: 2 corrections made for group J
Oct 24, 2016 10:23:05 PM Main categorizerMain
INFO: 0 corrections made for group K
Oct 24, 2016 10:23:07 PM Main categorizerMain
INFO: 2 corrections made for group P
Oct 24, 2016 10:23:08 PM Main categorizerMain
INFO: 2 corrections made for group R
Oct 24, 2016 10:23:09 PM Main categorizerMain
INFO: 6 corrections made for group S
Oct 24, 2016 10:23:10 PM Main categorizerMain
INFO: 2 corrections made for group T
Oct 24, 2016 10:23:12 PM Main categorizerMain
INFO: 2 corrections made for group U
Oct 24, 2016 10:23:14 PM Main categorizerMain
INFO: 6 corrections made for group W
Oct 24, 2016 10:23:15 PM Main categorizerMain
INFO: 3 corrections made for group X
Oct 24, 2016 10:23:17 PM Main categorizerMain
INFO: 2 corrections made for group Y
Oct 24, 2016 10:23:19 PM Main categorizerMain
INFO: 2 corrections made for group Z
Oct 25, 2016 12:24:42 AM Main categorizerMain
INFO: 0 corrections made for group A
Oct 25, 2016 12:24:45 AM Main categorizerMain
INFO: 0 corrections made for group AA
Oct 25, 2016 12:24:47 AM Main categorizerMain
INFO: 0 corrections made for group AB
Oct 25, 2016 12:24:49 AM Main categorizerMain
INFO: 0 corrections made for group AC
Oct 25, 2016 12:24:50 AM Main categorizerMain
INFO: 0 corrections made for group AD
Oct 25, 2016 12:24:52 AM Main categorizerMain
INFO: 0 corrections made for group AE
Oct 25, 2016 12:24:54 AM Main categorizerMain
INFO: 0 corrections made for group AF
Oct 25, 2016 12:24:55 AM Main categorizerMain
INFO: 0 corrections made for group AG
Oct 25, 2016 12:24:57 AM Main categorizerMain
INFO: 0 corrections made for group AH
Oct 25, 2016 12:24:59 AM Main categorizerMain
INFO: 0 corrections made for group AI
Oct 25, 2016 12:25:00 AM Main categorizerMain
INFO: 0 corrections made for group AK
Oct 25, 2016 12:25:01 AM Main categorizerMain
INFO: 0 corrections made for group AM
Oct 25, 2016 12:25:03 AM Main categorizerMain
INFO: 0 corrections made for group AN
Oct 25, 2016 12:25:04 AM Main categorizerMain
INFO: 0 corrections made for group AR
Oct 25, 2016 12:25:05 AM Main categorizerMain
INFO: 0 corrections made for group AT
Oct 25, 2016 12:25:07 AM Main categorizerMain
INFO: 0 corrections made for group AV
Oct 25, 2016 12:25:08 AM Main categorizerMain
INFO: 0 corrections made for group AX
Oct 25, 2016 12:25:09 AM Main categorizerMain
INFO: 0 corrections made for group AY
Oct 25, 2016 12:25:11 AM Main categorizerMain
INFO: 0 corrections made for group B
Oct 25, 2016 12:25:12 AM Main categorizerMain
INFO: 0 corrections made for group C
Oct 25, 2016 12:25:14 AM Main categorizerMain
INFO: 0 corrections made for group D
Oct 25, 2016 12:25:16 AM Main categorizerMain
INFO: 0 corrections made for group EA
Oct 25, 2016 12:25:18 AM Main categorizerMain
INFO: 0 corrections made for group EB
Oct 25, 2016 12:25:19 AM Main categorizerMain
INFO: 0 corrections made for group EC
Oct 25, 2016 12:25:21 AM Main categorizerMain
INFO: 0 corrections made for group EF
Oct 25, 2016 12:25:23 AM Main categorizerMain
INFO: 0 corrections made for group EG
Oct 25, 2016 12:25:24 AM Main categorizerMain
INFO: 0 corrections made for group EH
Oct 25, 2016 12:25:26 AM Main categorizerMain
INFO: 0 corrections made for group EJ
Oct 25, 2016 12:25:27 AM Main categorizerMain
INFO: 0 corrections made for group EK
Oct 25, 2016 12:25:28 AM Main categorizerMain
INFO: 0 corrections made for group EM
Oct 25, 2016 12:25:30 AM Main categorizerMain
INFO: 0 corrections made for group EP
Oct 25, 2016 12:25:31 AM Main categorizerMain
INFO: 0 corrections made for group ER
Oct 25, 2016 12:25:32 AM Main categorizerMain
INFO: 0 corrections made for group ES
Oct 25, 2016 12:25:33 AM Main categorizerMain
INFO: 0 corrections made for group ET
Oct 25, 2016 12:25:35 AM Main categorizerMain
INFO: 0 corrections made for group EX
Oct 25, 2016 12:25:36 AM Main categorizerMain
INFO: 0 corrections made for group EZ
Oct 25, 2016 12:25:37 AM Main categorizerMain
INFO: 0 corrections made for group F
Oct 25, 2016 12:25:38 AM Main categorizerMain
INFO: 0 corrections made for group G
Oct 25, 2016 12:25:40 AM Main categorizerMain
INFO: 0 corrections made for group H
Oct 25, 2016 12:25:41 AM Main categorizerMain
INFO: 0 corrections made for group J
Oct 25, 2016 12:25:42 AM Main categorizerMain
INFO: 0 corrections made for group K
Oct 25, 2016 12:25:43 AM Main categorizerMain
INFO: 0 corrections made for group P
Oct 25, 2016 12:25:45 AM Main categorizerMain
INFO: 0 corrections made for group R
Oct 25, 2016 12:25:46 AM Main categorizerMain
INFO: 0 corrections made for group S
Oct 25, 2016 12:25:47 AM Main categorizerMain
INFO: 0 corrections made for group T
Oct 25, 2016 12:25:49 AM Main categorizerMain
INFO: 0 corrections made for group U
Oct 25, 2016 12:25:50 AM Main categorizerMain
INFO: 0 corrections made for group W
Oct 25, 2016 12:25:51 AM Main categorizerMain
INFO: 0 corrections made for group X
Oct 25, 2016 12:25:52 AM Main categorizerMain
INFO: 0 corrections made for group Y
Oct 25, 2016 12:25:53 AM Main categorizerMain
INFO: 0 corrections made for group Z
Oct 25, 2016 12:28:26 AM Main categorizerMain
INFO: 0 corrections made for group A
Oct 25, 2016 12:28:29 AM Main categorizerMain
INFO: 5 corrections made for group AA
Oct 25, 2016 12:28:31 AM Main categorizerMain
INFO: 5 corrections made for group AB
Oct 25, 2016 12:28:33 AM Main categorizerMain
INFO: 0 corrections made for group AC
Oct 25, 2016 12:28:34 AM Main categorizerMain
INFO: 2 corrections made for group AD
Oct 25, 2016 12:28:36 AM Main categorizerMain
INFO: 3 corrections made for group AE
Oct 25, 2016 12:28:38 AM Main categorizerMain
INFO: 6 corrections made for group AF
Oct 25, 2016 12:28:40 AM Main categorizerMain
INFO: 0 corrections made for group AG
Oct 25, 2016 12:28:42 AM Main categorizerMain
INFO: 3 corrections made for group AH
Oct 25, 2016 12:28:44 AM Main categorizerMain
INFO: 0 corrections made for group AI
Oct 25, 2016 12:28:45 AM Main categorizerMain
INFO: 3 corrections made for group AK
Oct 25, 2016 12:28:47 AM Main categorizerMain
INFO: 31 corrections made for group AM
Oct 25, 2016 12:28:49 AM Main categorizerMain
INFO: 2 corrections made for group AN
Oct 25, 2016 12:28:51 AM Main categorizerMain
INFO: 4 corrections made for group AR
Oct 25, 2016 12:28:52 AM Main categorizerMain
INFO: 0 corrections made for group AT
Oct 25, 2016 12:28:54 AM Main categorizerMain
INFO: 4 corrections made for group AV
Oct 25, 2016 12:28:55 AM Main categorizerMain
INFO: 0 corrections made for group AX
Oct 25, 2016 12:28:57 AM Main categorizerMain
INFO: 0 corrections made for group AY
Oct 25, 2016 12:28:59 AM Main categorizerMain
INFO: 0 corrections made for group B
Oct 25, 2016 12:29:01 AM Main categorizerMain
INFO: 2 corrections made for group C
Oct 25, 2016 12:29:02 AM Main categorizerMain
INFO: 0 corrections made for group D
Oct 25, 2016 12:29:04 AM Main categorizerMain
INFO: 10 corrections made for group EA
Oct 25, 2016 12:29:05 AM Main categorizerMain
INFO: 0 corrections made for group EB
Oct 25, 2016 12:29:07 AM Main categorizerMain
INFO: 4 corrections made for group EC
Oct 25, 2016 12:29:09 AM Main categorizerMain
INFO: 1 corrections made for group EF
Oct 25, 2016 12:29:10 AM Main categorizerMain
INFO: 2 corrections made for group EG
Oct 25, 2016 12:29:12 AM Main categorizerMain
INFO: 2 corrections made for group EH
Oct 25, 2016 12:29:13 AM Main categorizerMain
INFO: 9 corrections made for group EJ
Oct 25, 2016 12:29:14 AM Main categorizerMain
INFO: 0 corrections made for group EK
Oct 25, 2016 12:29:16 AM Main categorizerMain
INFO: 3 corrections made for group EM
Oct 25, 2016 12:29:18 AM Main categorizerMain
INFO: 5 corrections made for group EP
Oct 25, 2016 12:29:19 AM Main categorizerMain
INFO: 1 corrections made for group ER
Oct 25, 2016 12:29:20 AM Main categorizerMain
INFO: 4 corrections made for group ES
Oct 25, 2016 12:29:22 AM Main categorizerMain
INFO: 1 corrections made for group ET
Oct 25, 2016 12:29:23 AM Main categorizerMain
INFO: 2 corrections made for group EX
Oct 25, 2016 12:29:25 AM Main categorizerMain
INFO: 6 corrections made for group EZ
Oct 25, 2016 12:29:26 AM Main categorizerMain
INFO: 1 corrections made for group F
Oct 25, 2016 12:29:28 AM Main categorizerMain
INFO: 4 corrections made for group G
Oct 25, 2016 12:29:29 AM Main categorizerMain
INFO: 2 corrections made for group H
Oct 25, 2016 12:29:31 AM Main categorizerMain
INFO: 2 corrections made for group J
Oct 25, 2016 12:29:33 AM Main categorizerMain
INFO: 0 corrections made for group K
Oct 25, 2016 12:29:35 AM Main categorizerMain
INFO: 2 corrections made for group P
Oct 25, 2016 12:29:37 AM Main categorizerMain
INFO: 2 corrections made for group R
Oct 25, 2016 12:29:39 AM Main categorizerMain
INFO: 6 corrections made for group S
Oct 25, 2016 12:29:40 AM Main categorizerMain
INFO: 2 corrections made for group T
Oct 25, 2016 12:29:41 AM Main categorizerMain
INFO: 2 corrections made for group U
Oct 25, 2016 12:29:43 AM Main categorizerMain
INFO: 6 corrections made for group W
Oct 25, 2016 12:29:44 AM Main categorizerMain
INFO: 3 corrections made for group X
Oct 25, 2016 12:29:46 AM Main categorizerMain
INFO: 2 corrections made for group Y
Oct 25, 2016 12:29:47 AM Main categorizerMain
INFO: 2 corrections made for group Z
Oct 25, 2016 1:07:02 AM Main categorizerMain
INFO: 0 corrections made for group A
Oct 25, 2016 1:07:05 AM Main categorizerMain
INFO: 5 corrections made for group AA
Oct 25, 2016 1:07:08 AM Main categorizerMain
INFO: 5 corrections made for group AB
Oct 25, 2016 1:07:09 AM Main categorizerMain
INFO: 0 corrections made for group AC
Oct 25, 2016 1:07:11 AM Main categorizerMain
INFO: 2 corrections made for group AD
Oct 25, 2016 1:07:13 AM Main categorizerMain
INFO: 3 corrections made for group AE
Oct 25, 2016 1:07:15 AM Main categorizerMain
INFO: 6 corrections made for group AF
Oct 25, 2016 1:07:17 AM Main categorizerMain
INFO: 0 corrections made for group AG
Oct 25, 2016 1:07:19 AM Main categorizerMain
INFO: 3 corrections made for group AH
Oct 25, 2016 1:07:20 AM Main categorizerMain
INFO: 0 corrections made for group AI
Oct 25, 2016 1:07:22 AM Main categorizerMain
INFO: 3 corrections made for group AK
Oct 25, 2016 1:07:25 AM Main categorizerMain
INFO: 31 corrections made for group AM
Oct 25, 2016 1:07:27 AM Main categorizerMain
INFO: 2 corrections made for group AN
Oct 25, 2016 1:07:33 AM Main categorizerMain
INFO: 4 corrections made for group AR
Oct 25, 2016 1:07:43 AM Main categorizerMain
INFO: 0 corrections made for group AT
Oct 25, 2016 1:07:46 AM Main categorizerMain
INFO: 4 corrections made for group AV
Oct 25, 2016 1:07:49 AM Main categorizerMain
INFO: 0 corrections made for group AX
Oct 25, 2016 1:07:51 AM Main categorizerMain
INFO: 0 corrections made for group AY
Oct 25, 2016 1:07:54 AM Main categorizerMain
INFO: 0 corrections made for group B
Oct 25, 2016 1:07:55 AM Main categorizerMain
INFO: 2 corrections made for group C
Oct 25, 2016 1:07:58 AM Main categorizerMain
INFO: 0 corrections made for group D
Oct 25, 2016 1:07:59 AM Main categorizerMain
INFO: 10 corrections made for group EA
Oct 25, 2016 1:08:00 AM Main categorizerMain
INFO: 0 corrections made for group EB
Oct 25, 2016 1:08:02 AM Main categorizerMain
INFO: 4 corrections made for group EC
Oct 25, 2016 1:08:03 AM Main categorizerMain
INFO: 1 corrections made for group EF
Oct 25, 2016 1:08:05 AM Main categorizerMain
INFO: 2 corrections made for group EG
Oct 25, 2016 1:08:06 AM Main categorizerMain
INFO: 2 corrections made for group EH
Oct 25, 2016 1:08:08 AM Main categorizerMain
INFO: 9 corrections made for group EJ
Oct 25, 2016 1:08:10 AM Main categorizerMain
INFO: 0 corrections made for group EK
Oct 25, 2016 1:08:12 AM Main categorizerMain
INFO: 3 corrections made for group EM
Oct 25, 2016 1:08:14 AM Main categorizerMain
INFO: 5 corrections made for group EP
Oct 25, 2016 1:08:16 AM Main categorizerMain
INFO: 1 corrections made for group ER
Oct 25, 2016 1:08:17 AM Main categorizerMain
INFO: 4 corrections made for group ES
Oct 25, 2016 1:08:19 AM Main categorizerMain
INFO: 1 corrections made for group ET
Oct 25, 2016 1:08:20 AM Main categorizerMain
INFO: 2 corrections made for group EX
Oct 25, 2016 1:08:22 AM Main categorizerMain
INFO: 6 corrections made for group EZ
Oct 25, 2016 1:08:25 AM Main categorizerMain
INFO: 1 corrections made for group F
Oct 25, 2016 1:08:26 AM Main categorizerMain
INFO: 4 corrections made for group G
Oct 25, 2016 1:08:28 AM Main categorizerMain
INFO: 2 corrections made for group H
Oct 25, 2016 1:08:30 AM Main categorizerMain
INFO: 2 corrections made for group J
Oct 25, 2016 1:08:32 AM Main categorizerMain
INFO: 0 corrections made for group K
Oct 25, 2016 1:08:33 AM Main categorizerMain
INFO: 2 corrections made for group P
Oct 25, 2016 1:08:34 AM Main categorizerMain
INFO: 2 corrections made for group R
Oct 25, 2016 1:08:36 AM Main categorizerMain
INFO: 6 corrections made for group S
Oct 25, 2016 1:08:37 AM Main categorizerMain
INFO: 2 corrections made for group T
Oct 25, 2016 1:08:38 AM Main categorizerMain
INFO: 2 corrections made for group U
Oct 25, 2016 1:08:40 AM Main categorizerMain
INFO: 6 corrections made for group W
Oct 25, 2016 1:08:41 AM Main categorizerMain
INFO: 3 corrections made for group X
Oct 25, 2016 1:08:42 AM Main categorizerMain
INFO: 2 corrections made for group Y
Oct 25, 2016 1:08:43 AM Main categorizerMain
INFO: 2 corrections made for group Z
